http://localhost/snews1.80/article_new/ 
[E_NOTICE # 8]:  Undefined index: id 
in C:\xampp\htdocs\snews1.80\admin.php on line 364 - 1:41 pm, 24 April 2016 - 

	http://localhost/snews1.80/article_new/ 
[E_NOTICE # 8]:  Undefined index: http://localhost/snews1.80/temp 
in C:\xampp\htdocs\snews1.80\admin.php on line 444 - 1:41 pm, 24 April 2016 - 

	http://localhost/snews1.80/article_new/ 
[E_NOTICE # 8]:  Undefined index: http://localhost/snews1.80/temp 
in C:\xampp\htdocs\snews1.80\admin.php on line 445 - 1:41 pm, 24 April 2016 - 

	http://localhost/snews1.80/article_new/ 
[E_NOTICE # 8]:  Undefined index: http://localhost/snews1.80/temp 
in C:\xampp\htdocs\snews1.80\admin.php on line 446 - 1:41 pm, 24 April 2016 - 

	http://localhost/snews1.80/article_new/ 
[E_NOTICE # 8]:  Undefined index: http://localhost/snews1.80/temp 
in C:\xampp\htdocs\snews1.80\admin.php on line 447 - 1:41 pm, 24 April 2016 - 

	http://localhost/snews1.80/article_new/ 
[E_NOTICE # 8]:  Undefined index: http://localhost/snews1.80/temp 
in C:\xampp\htdocs\snews1.80\admin.php on line 448 - 1:41 pm, 24 April 2016 - 

	[E_WARNING # 2]: Illegal string offset 'catnum' 
 in C:\xampp\htdocs\snews1.80\admin.php on line 459 - 1:41 pm, 24 April 2016 - 

	http://localhost/snews1.80/article_new/ 
[E_NOTICE # 8]:  Undefined variable: edit_option 
in C:\xampp\htdocs\snews1.80\admin.php on line 472 - 1:41 pm, 24 April 2016 - 

	http://localhost/snews1.80/article_new/ 
[E_NOTICE # 8]:  Undefined variable: edit_option 
in C:\xampp\htdocs\snews1.80\admin.php on line 481 - 1:41 pm, 24 April 2016 - 

	http://localhost/snews1.80/article_new/ 
[E_NOTICE # 8]:  Undefined variable: edit_option 
in C:\xampp\htdocs\snews1.80\admin.php on line 483 - 1:41 pm, 24 April 2016 - 

	http://localhost/snews1.80/article_new/ 
[E_NOTICE # 8]:  Undefined variable: edit_option 
in C:\xampp\htdocs\snews1.80\admin.php on line 484 - 1:41 pm, 24 April 2016 - 

	http://localhost/snews1.80/article_new/ 
[E_NOTICE # 8]:  Undefined variable: article_category 
in C:\xampp\htdocs\snews1.80\admin.php on line 494 - 1:41 pm, 24 April 2016 - 

	http://localhost/snews1.80/article_new/ 
[E_NOTICE # 8]:  Undefined variable: edit_option 
in C:\xampp\htdocs\snews1.80\admin.php on line 513 - 1:41 pm, 24 April 2016 - 

	http://localhost/snews1.80/article_new/ 
[E_NOTICE # 8]:  Undefined variable: edit_option 
in C:\xampp\htdocs\snews1.80\admin.php on line 548 - 1:41 pm, 24 April 2016 - 

	http://localhost/snews1.80/article_new/ 
[E_NOTICE # 8]:  Undefined variable: edit_option 
in C:\xampp\htdocs\snews1.80\admin.php on line 577 - 1:41 pm, 24 April 2016 - 

	http://localhost/snews1.80/article_new/ 
[E_NOTICE # 8]:  Undefined variable: edit_option 
in C:\xampp\htdocs\snews1.80\admin.php on line 582 - 1:41 pm, 24 April 2016 - 

	http://localhost/snews1.80/article_new/ 
[E_NOTICE # 8]:  Undefined variable: r 
in C:\xampp\htdocs\snews1.80\admin.php on line 603 - 1:41 pm, 24 April 2016 - 

	